<?xml version="1.0" encoding="UTF-8"?>
<testng-results skipped="0" failed="0" ignored="0" total="1" passed="1">
  <reporter-output>
  </reporter-output>
  <suite name="Default suite" duration-ms="2451" started-at="2021-10-20T21:54:01 IST" finished-at="2021-10-20T21:54:03 IST">
    <groups>
    </groups>
    <test name="Default test" duration-ms="2451" started-at="2021-10-20T21:54:01 IST" finished-at="2021-10-20T21:54:03 IST">
      <class name="Pojo.coursedetails">
        <test-method status="PASS" signature="oauthautomation()[pri:0, instance:Pojo.coursedetails@646d64ab]" name="oauthautomation" duration-ms="2422" started-at="2021-10-20T21:54:01 IST" finished-at="2021-10-20T21:54:03 IST">
          <reporter-output>
          </reporter-output>
        </test-method> <!-- oauthautomation -->
      </class> <!-- Pojo.coursedetails -->
    </test> <!-- Default test -->
  </suite> <!-- Default suite -->
</testng-results>
