<?xml version="1.0" encoding="UTF-8"?>
<testng-results ignored="0" total="1" passed="1" failed="0" skipped="0">
  <reporter-output>
  </reporter-output>
  <suite started-at="2021-10-25T16:43:12 IST" name="Default suite" finished-at="2021-10-25T16:43:15 IST" duration-ms="2414">
    <groups>
    </groups>
    <test started-at="2021-10-25T16:43:12 IST" name="Default test" finished-at="2021-10-25T16:43:15 IST" duration-ms="2414">
      <class name="Pojo.googleapi">
        <test-method signature="googlepostapi()[pri:0, instance:Pojo.googleapi@5cc5b667]" started-at="2021-10-25T16:43:12 IST" name="googlepostapi" finished-at="2021-10-25T16:43:15 IST" duration-ms="2363" status="PASS">
          <reporter-output>
          </reporter-output>
        </test-method> <!-- googlepostapi -->
      </class> <!-- Pojo.googleapi -->
    </test> <!-- Default test -->
  </suite> <!-- Default suite -->
</testng-results>
